<?xml version="1.0" encoding="UTF-8"?>
<testng-results ignored="0" total="2" passed="2" failed="0" skipped="0">
  <reporter-output>
  </reporter-output>
  <suite started-at="2022-07-22T13:38:23 IST" name="Default suite" finished-at="2022-07-22T13:38:31 IST" duration-ms="7591">
    <groups>
    </groups>
    <test started-at="2022-07-22T13:38:23 IST" name="Default test" finished-at="2022-07-22T13:38:31 IST" duration-ms="7591">
      <class name="com.basic.elements.Base">
        <test-method is-config="true" signature="invokeBrowser()[pri:0, instance:com.basic.elements.Base@7ed7259e]" started-at="2022-07-22T13:38:23 IST" name="invokeBrowser" finished-at="2022-07-22T13:38:25 IST" duration-ms="1992" status="PASS">
          <reporter-output>
          </reporter-output>
        </test-method> <!-- invokeBrowser -->
        <test-method signature="openURL()[pri:0, instance:com.basic.elements.Base@7ed7259e]" started-at="2022-07-22T13:38:25 IST" name="openURL" finished-at="2022-07-22T13:38:28 IST" duration-ms="2741" status="PASS">
          <reporter-output>
          </reporter-output>
        </test-method> <!-- openURL -->
        <test-method signature="draggableEle()[pri:1, instance:com.basic.elements.Base@7ed7259e]" started-at="2022-07-22T13:38:28 IST" name="draggableEle" finished-at="2022-07-22T13:38:31 IST" duration-ms="2809" status="PASS">
          <reporter-output>
          </reporter-output>
        </test-method> <!-- draggableEle -->
      </class> <!-- com.basic.elements.Base -->
    </test> <!-- Default test -->
  </suite> <!-- Default suite -->
</testng-results>
